Resolving dependencies...
Downloading packages...
  _fe_analyzer_shared 85.0.0 (100.0.0 available)
  _flutterfire_internals 1.3.59 (1.3.71 available)
  analyzer 7.7.1 (13.0.0 available)
  app_links 6.4.1 (7.0.0 available)
  archive 4.0.7 (4.0.9 available)
  async 2.13.0 (2.13.1 available)
  build 2.5.4 (4.0.6 available)
  build_config 1.1.2 (1.3.0 available)
  build_resolvers 2.5.4 (3.0.4 available)
  build_runner 2.5.4 (2.15.0 available)
  build_runner_core 9.1.2 (9.3.2 available)
  built_value 8.12.3 (8.12.6 available)
  characters 1.4.0 (1.4.1 available)
  cli_util 0.4.2 (0.5.1 available)
  code_assets 1.0.0 (1.1.0 available)
  cupertino_icons 1.0.8 (1.0.9 available)
  dart_style 3.1.1 (3.1.9 available)
  dio 5.9.1 (5.9.2 available)
  dio_web_adapter 2.1.1 (2.1.2 available)
  ffi 2.1.5 (2.2.0 available)
  firebase_core 3.15.2 (4.9.0 available)
  firebase_core_platform_interface 6.0.2 (7.0.1 available)
  firebase_core_web 2.24.1 (3.7.0 available)
  firebase_messaging 15.2.10 (16.2.2 available)
  firebase_messaging_platform_interface 4.6.10 (4.7.11 available)
  firebase_messaging_web 3.10.10 (4.1.7 available)
  flutter_launcher_icons 0.13.1 (0.14.4 available)
  flutter_local_notifications 18.0.1 (21.0.0 available)
  flutter_local_notifications_linux 5.0.0 (8.0.0 available)
  flutter_local_notifications_platform_interface 8.0.0 (11.0.0 available)
  flutter_riverpod 2.6.1 (3.3.1 available)
  flutter_secure_storage 9.2.4 (10.2.0 available)
  flutter_secure_storage_linux 1.2.3 (3.0.0 available)
  flutter_secure_storage_macos 3.1.3 (4.0.0 available)
  flutter_secure_storage_platform_interface 1.1.2 (2.0.1 available)
  flutter_secure_storage_web 1.2.1 (2.1.1 available)
  flutter_secure_storage_windows 3.1.2 (4.2.1 available)
  font_awesome_flutter 10.12.0 (11.0.0 available)
  freezed 2.5.8 (3.2.5 available)
  freezed_annotation 2.4.4 (3.1.0 available)
  go_router 13.2.5 (17.2.3 available)
  google_fonts 6.3.3 (8.1.0 available)
  gtk 2.1.0 (2.2.0 available)
  hooks 1.0.0 (2.0.0 available)
  image 4.7.2 (4.8.0 available)
  js 0.6.7 (0.7.2 available)
  json_annotation 4.9.0 (4.12.0 available)
  json_serializable 6.9.5 (6.14.0 available)
  lints 6.0.0 (6.1.0 available)
  matcher 0.12.17 (0.12.20 available)
  material_color_utilities 0.11.1 (0.13.0 available)
  meta 1.17.0 (1.18.2 available)
  mobile_scanner 6.0.11 (7.2.0 available)
  native_toolchain_c 0.17.4 (0.19.0 available)
  objective_c 9.2.4 (9.3.0 available)
  path_provider_android 2.2.22 (2.3.1 available)
  petitparser 7.0.1 (7.0.2 available)
  posix 6.0.3 (6.5.0 available)
  qr 3.0.2 (4.0.0 available)
  riverpod 2.6.1 (3.2.1 available)
  source_gen 2.0.0 (4.2.3 available)
  source_helper 1.3.7 (1.3.12 available)
  source_span 1.10.1 (1.10.2 available)
  sqflite 2.4.2 (2.4.2+1 available)
  sqflite_android 2.4.2+2 (2.4.2+3 available)
  sqflite_common 2.5.6 (2.5.8 available)
  synchronized 3.4.0 (3.4.0+1 available)
  test_api 0.7.7 (0.7.12 available)
  timezone 0.10.1 (0.11.0 available)
  url_launcher_android 6.3.28 (6.3.30 available)
  url_launcher_ios 6.3.6 (6.4.1 available)
  url_launcher_web 2.4.2 (2.4.3 available)
  uuid 4.5.2 (4.5.3 available)
  vector_math 2.2.0 (2.3.0 available)
  video_player 2.10.1 (2.11.1 available)
  video_player_android 2.9.1 (2.9.5 available)
  video_player_avfoundation 2.9.3 (2.9.7 available)
  video_player_platform_interface 6.6.0 (6.7.0 available)
  vm_service 15.0.2 (15.2.0 available)
  win32 5.15.0 (6.2.0 available)
  xml 6.6.1 (7.0.1 available)
Got dependencies!
81 packages have newer versions incompatible with dependency constraints.
Try `flutter pub outdated` for more information.
Launching lib\main.dart on sdk gphone64 x86 64 in debug mode...
Running Gradle task 'assembleDebug'...                             40.2s
√ Built build\app\outputs\flutter-apk\app-debug.apk
Installing build\app\outputs\flutter-apk\app-debug.apk...       